[DEBUG] 17:15:18:887 LFS/(7124:7124): 6668
[DEBUG] 17:15:38:2 LFS/(7175:7175): 6668
[DEBUG] 17:16:18:72 LFS/(7226:7226): 6668
[DEBUG] 17:16:23:411 LFS/(7226:7226): Header
[DEBUG] 17:16:34:68 LFS/(7226:7226): Status
[DEBUG] 17:16:34:68 LFS/(7226:7226): Got a SELECT
[DEBUG] 17:16:34:68 LFS/(7226:7226): "/home/utnso/workspace/LISSANDRA_FS"	
[DEBUG] 17:16:34:68 LFS/(7226:7226): "/home/utnso/workspace/LISSANDRA_FS"	/tables/TABLA1
[DEBUG] 17:16:34:68 LFS/(7226:7226): No existe la tabla
[DEBUG] 17:16:34:68 LFS/(7226:7226): Header
[DEBUG] 17:16:49:80 LFS/(7249:7249): 6668
[DEBUG] 17:16:52:220 LFS/(7269:7269): 6668
[DEBUG] 17:16:54:463 LFS/(7210:7210): 6668
[DEBUG] 17:17:08:909 LFS/(7226:7226): Status
[DEBUG] 17:17:28:841 LFS/(7414:7414): 6668
[DEBUG] 17:18:18:723 LFS/(7414:7414): Header
[DEBUG] 17:18:31:704 LFS/(7414:7414): Status
[DEBUG] 17:18:31:704 LFS/(7414:7414): Got a SELECT
[DEBUG] 17:18:31:704 LFS/(7414:7414): "/home/utnso/workspace/LISSANDRA_FS"	
[DEBUG] 17:19:10:661 LFS/(7414:7414): "/home/utnso/workspace/LISSANDRA_FS"	/tables/TABLA1
[DEBUG] 17:19:31:318 LFS/(7414:7414): No existe la tabla
[DEBUG] 17:19:34:454 LFS/(7414:7414): Header
[DEBUG] 17:19:44:926 LFS/(7414:7414): Status
[DEBUG] 17:19:44:926 LFS/(7414:7414): Got a SELECT
[DEBUG] 17:19:44:926 LFS/(7414:7414): "/home/utnso/workspace/LISSANDRA_FS"	
[DEBUG] 17:20:07:649 LFS/(7414:7414): "/home/utnso/workspace/LISSANDRA_FS"	/tables/TABLA1
[DEBUG] 17:20:56:972 LFS/(7414:7414): No existe la tabla
[DEBUG] 17:21:09:877 LFS/(7414:7414): Header
[DEBUG] 17:23:09:82 LFS/(7621:7621): 6668
[DEBUG] 17:23:49:420 LFS/(7673:7673): 6668
[DEBUG] 17:23:54:158 LFS/(7673:7673): Header
[DEBUG] 17:24:02:236 LFS/(7673:7673): Status
[DEBUG] 17:24:02:237 LFS/(7673:7673): Got a SELECT
[DEBUG] 17:24:02:237 LFS/(7673:7673): "/home/utnso/workspace/LISSANDRA_FS"	
[DEBUG] 17:24:07:327 LFS/(7673:7673): "/home/utnso/workspace/LISSANDRA_FS"	/tables/TABLA1
[DEBUG] 17:24:13:109 LFS/(7673:7673): No existe la tabla
[DEBUG] 17:24:14:760 LFS/(7673:7673): Header
