[INFO] 13:28:08:323 memory/(7651:7651): 8001
[DEBUG] 13:28:08:323 memory/(7651:7651): Conectado al LFS
[INFO] 13:28:08:323 memory/(7651:7651): Maximo tamaño del value: 15.
[INFO] 13:28:08:323 memory/(7651:7651): 15
[INFO] 13:28:08:323 memory/(7651:7651): 8001
[DEBUG] 13:28:09:756 memory/(7651:7651): Cliente conectado. Esperando Envío de mensajessss.
[WARNING] 13:28:54:975 memory/(7651:7651): Kernel Desconectado.
[INFO] 13:29:07:616 memory/(7726:7726): 8001
[DEBUG] 13:29:07:617 memory/(7726:7726): Conectado al LFS
[INFO] 13:29:07:617 memory/(7726:7726): Maximo tamaño del value: 15.
[INFO] 13:29:07:617 memory/(7726:7726): 15
[INFO] 13:29:07:617 memory/(7726:7726): 8001
[DEBUG] 13:29:09:154 memory/(7726:7726): Cliente conectado. Esperando Envío de mensajessss.
[WARNING] 13:29:38:124 memory/(7726:7726): Kernel Desconectado.
[INFO] 13:35:26:864 memory/(8114:8114): 8001
[DEBUG] 13:35:26:864 memory/(8114:8114): Conectado al LFS
[INFO] 13:35:26:865 memory/(8114:8114): Maximo tamaño del value: 15.
[INFO] 13:35:26:865 memory/(8114:8114): 15
[INFO] 13:35:26:865 memory/(8114:8114): 8001
[DEBUG] 13:35:31:641 memory/(8114:8114): Cliente conectado. Esperando Envío de mensajessss.
[WARNING] 13:35:51:27 memory/(8114:8114): Kernel Desconectado.
[INFO] 13:37:12:129 memory/(8245:8245): 8001
[DEBUG] 13:37:12:129 memory/(8245:8245): Conectado al LFS
[INFO] 13:37:12:130 memory/(8245:8245): Maximo tamaño del value: 15.
[INFO] 13:37:12:130 memory/(8245:8245): 15
[INFO] 13:37:12:130 memory/(8245:8245): 8001
[DEBUG] 13:37:13:987 memory/(8245:8245): Cliente conectado. Esperando Envío de mensajessss.
[WARNING] 13:37:32:549 memory/(8245:8245): Kernel Desconectado.
[INFO] 13:39:18:135 memory/(8358:8358): 8001
[DEBUG] 13:39:18:135 memory/(8358:8358): Conectado al LFS
[INFO] 13:39:18:135 memory/(8358:8358): Maximo tamaño del value: 15.
[INFO] 13:39:18:135 memory/(8358:8358): 15
[INFO] 13:39:18:135 memory/(8358:8358): 8001
[DEBUG] 13:39:19:472 memory/(8358:8358): Cliente conectado. Esperando Envío de mensajessss.
[WARNING] 13:39:37:259 memory/(8358:8358): Kernel Desconectado.
[INFO] 13:41:44:22 memory/(8488:8488): 8001
[DEBUG] 13:41:44:22 memory/(8488:8488): Conectado al LFS
[INFO] 13:41:44:22 memory/(8488:8488): Maximo tamaño del value: 15.
[INFO] 13:41:44:22 memory/(8488:8488): 15
[INFO] 13:41:44:22 memory/(8488:8488): 8001
[DEBUG] 13:41:45:886 memory/(8488:8488): Cliente conectado. Esperando Envío de mensajessss.
[INFO] 13:42:02:150 memory/(8488:8488): Memoria no tiene esa tabla, pidiendo a LFS...
[DEBUG] 13:42:02:151 memory/(8488:8488): Registro: TimeStamp: 1, Key:500, Value: German
[DEBUG] 13:42:02:191 memory/(8488:8488): Registro: TimeStamp: 1559925722, Key:500, Value: Gaston Raro
[INFO] 13:42:02:197 memory/(8488:8488): Memoria no tiene esa tabla, pidiendo a LFS...
[DEBUG] 13:42:02:198 memory/(8488:8488): Registro: TimeStamp: 300, Key:1, Value: Alex
[INFO] 13:42:02:198 memory/(8488:8488): No tengo ese registro
[DEBUG] 13:42:02:199 memory/(8488:8488): Registro: TimeStamp: 1000, Key:2, Value: Pasca
[INFO] 13:42:02:202 memory/(8488:8488): No tengo ese registro
[DEBUG] 13:42:02:203 memory/(8488:8488): Registro: TimeStamp: 500, Key:3, Value: Felipe Israel
[INFO] 13:42:02:204 memory/(8488:8488): No tengo ese registro
[DEBUG] 13:42:02:208 memory/(8488:8488): Registro: TimeStamp: 10, Key:600, Value: Leandro
[INFO] 13:42:02:210 memory/(8488:8488): No tengo ese registro
[DEBUG] 13:42:02:211 memory/(8488:8488): Registro: TimeStamp: 15, Key:700, Value: Pinto
[INFO] 13:42:02:251 memory/(8488:8488): No tengo ese registro
[WARNING] 13:42:02:259 memory/(8488:8488): Registro no encontrado
[DEBUG] 13:42:02:303 memory/(8488:8488): Registro: TimeStamp: 1559925722, Key:500, Value: Pinto loco
[INFO] 13:42:02:303 memory/(8488:8488): No tengo ese registro
[WARNING] 13:42:02:304 memory/(8488:8488): Registro no encontrado
[INFO] 13:42:02:305 memory/(8488:8488): No tengo ese registro
[WARNING] 13:42:02:306 memory/(8488:8488): Registro no encontrado
[DEBUG] 13:42:02:306 memory/(8488:8488): Registro: TimeStamp: 15, Key:700, Value: Pinto
[INFO] 13:42:02:306 memory/(8488:8488): No tengo ese registro
[DEBUG] 13:42:02:307 memory/(8488:8488): Registro: TimeStamp: 20, Key:800, Value: Lacha
[INFO] 13:42:02:307 memory/(8488:8488): No tengo ese registro
[DEBUG] 13:42:02:308 memory/(8488:8488): Registro: TimeStamp: 30, Key:900, Value: Santi
[INFO] 13:42:02:309 memory/(8488:8488): No tengo ese registro
[WARNING] 13:42:02:309 memory/(8488:8488): Registro no encontrado
[DEBUG] 13:42:02:310 memory/(8488:8488): Registro: TimeStamp: 1559925722, Key:555, Value: Pinto Loco
[DEBUG] 13:42:02:310 memory/(8488:8488): Registro: TimeStamp: 1559925722, Key:876, Value: Leandrovich
[DEBUG] 13:42:02:311 memory/(8488:8488): Registro: TimeStamp: 1559925722, Key:876, Value: Leandrovich
[DEBUG] 13:42:02:311 memory/(8488:8488): Registro: TimeStamp: 1559925722, Key:555, Value: Pinto Loco
[DEBUG] 13:42:02:311 memory/(8488:8488): Registro: TimeStamp: 300, Key:1, Value: Alex
[INFO] 13:42:02:312 memory/(8488:8488): No tengo ese registro
[WARNING] 13:42:02:313 memory/(8488:8488): Registro no encontrado
[DEBUG] 13:42:09:367 memory/(8488:8488): Registro: TimeStamp: 1559925722, Key:500, Value: Pinto loco
[DEBUG] 13:42:09:409 memory/(8488:8488): Registro: TimeStamp: 1559925729, Key:500, Value: Gaston Raro
[DEBUG] 13:42:09:411 memory/(8488:8488): Registro: TimeStamp: 300, Key:1, Value: Alex
[DEBUG] 13:42:09:411 memory/(8488:8488): Registro: TimeStamp: 1000, Key:2, Value: Pasca
[DEBUG] 13:42:09:412 memory/(8488:8488): Registro: TimeStamp: 500, Key:3, Value: Felipe Israel
[DEBUG] 13:42:09:413 memory/(8488:8488): Registro: TimeStamp: 10, Key:600, Value: Leandro
[DEBUG] 13:42:09:413 memory/(8488:8488): Registro: TimeStamp: 15, Key:700, Value: Pinto
[INFO] 13:42:09:451 memory/(8488:8488): No tengo ese registro
[WARNING] 13:42:09:453 memory/(8488:8488): Registro no encontrado
[DEBUG] 13:42:09:496 memory/(8488:8488): Registro: TimeStamp: 1559925729, Key:500, Value: Pinto loco
[INFO] 13:42:09:497 memory/(8488:8488): No tengo ese registro
[WARNING] 13:42:09:499 memory/(8488:8488): Registro no encontrado
[INFO] 13:42:09:499 memory/(8488:8488): No tengo ese registro
[WARNING] 13:42:09:500 memory/(8488:8488): Registro no encontrado
[DEBUG] 13:42:09:500 memory/(8488:8488): Registro: TimeStamp: 15, Key:700, Value: Pinto
[DEBUG] 13:42:09:501 memory/(8488:8488): Registro: TimeStamp: 20, Key:800, Value: Lacha
[DEBUG] 13:42:09:501 memory/(8488:8488): Registro: TimeStamp: 30, Key:900, Value: Santi
[INFO] 13:42:09:502 memory/(8488:8488): No tengo ese registro
[WARNING] 13:42:09:503 memory/(8488:8488): Registro no encontrado
[DEBUG] 13:42:09:503 memory/(8488:8488): Registro: TimeStamp: 1559925729, Key:555, Value: Pinto Loco
[DEBUG] 13:42:09:504 memory/(8488:8488): Registro: TimeStamp: 1559925729, Key:876, Value: Leandrovich
[DEBUG] 13:42:09:504 memory/(8488:8488): Registro: TimeStamp: 1559925729, Key:876, Value: Leandrovich
[DEBUG] 13:42:09:505 memory/(8488:8488): Registro: TimeStamp: 1559925729, Key:555, Value: Pinto Loco
[DEBUG] 13:42:09:505 memory/(8488:8488): Registro: TimeStamp: 300, Key:1, Value: Alex
[INFO] 13:42:09:506 memory/(8488:8488): No tengo ese registro
[WARNING] 13:42:09:507 memory/(8488:8488): Registro no encontrado
[DEBUG] 13:42:14:152 memory/(8488:8488): Registro: TimeStamp: 1559925729, Key:500, Value: Pinto loco
[DEBUG] 13:42:14:191 memory/(8488:8488): Registro: TimeStamp: 1559925734, Key:500, Value: Gaston Raro
[DEBUG] 13:42:14:192 memory/(8488:8488): Registro: TimeStamp: 300, Key:1, Value: Alex
[DEBUG] 13:42:14:193 memory/(8488:8488): Registro: TimeStamp: 1000, Key:2, Value: Pasca
[DEBUG] 13:42:14:194 memory/(8488:8488): Registro: TimeStamp: 500, Key:3, Value: Felipe Israel
[DEBUG] 13:42:14:195 memory/(8488:8488): Registro: TimeStamp: 10, Key:600, Value: Leandro
[DEBUG] 13:42:14:195 memory/(8488:8488): Registro: TimeStamp: 15, Key:700, Value: Pinto
[INFO] 13:42:14:235 memory/(8488:8488): No tengo ese registro
[WARNING] 13:42:14:236 memory/(8488:8488): Registro no encontrado
[DEBUG] 13:42:14:276 memory/(8488:8488): Registro: TimeStamp: 1559925734, Key:500, Value: Pinto loco
[INFO] 13:42:14:276 memory/(8488:8488): No tengo ese registro
[WARNING] 13:42:14:277 memory/(8488:8488): Registro no encontrado
[INFO] 13:42:14:277 memory/(8488:8488): No tengo ese registro
[WARNING] 13:42:14:279 memory/(8488:8488): Registro no encontrado
[DEBUG] 13:42:14:279 memory/(8488:8488): Registro: TimeStamp: 15, Key:700, Value: Pinto
[DEBUG] 13:42:14:280 memory/(8488:8488): Registro: TimeStamp: 20, Key:800, Value: Lacha
[DEBUG] 13:42:14:280 memory/(8488:8488): Registro: TimeStamp: 30, Key:900, Value: Santi
[INFO] 13:42:14:280 memory/(8488:8488): No tengo ese registro
[WARNING] 13:42:14:281 memory/(8488:8488): Registro no encontrado
[DEBUG] 13:42:14:282 memory/(8488:8488): Registro: TimeStamp: 1559925734, Key:555, Value: Pinto Loco
[DEBUG] 13:42:14:282 memory/(8488:8488): Registro: TimeStamp: 1559925734, Key:876, Value: Leandrovich
[DEBUG] 13:42:14:283 memory/(8488:8488): Registro: TimeStamp: 1559925734, Key:876, Value: Leandrovich
[DEBUG] 13:42:14:283 memory/(8488:8488): Registro: TimeStamp: 1559925734, Key:555, Value: Pinto Loco
[DEBUG] 13:42:14:284 memory/(8488:8488): Registro: TimeStamp: 300, Key:1, Value: Alex
[INFO] 13:42:14:284 memory/(8488:8488): No tengo ese registro
[WARNING] 13:42:14:285 memory/(8488:8488): Registro no encontrado
[WARNING] 13:43:10:39 memory/(8488:8488): Kernel Desconectado.
[INFO] 13:43:29:400 memory/(8585:8585): 8001
[DEBUG] 13:43:29:400 memory/(8585:8585): Conectado al LFS
[INFO] 13:43:29:401 memory/(8585:8585): Maximo tamaño del value: 15.
[INFO] 13:43:29:401 memory/(8585:8585): 15
[INFO] 13:43:29:401 memory/(8585:8585): 8001
[DEBUG] 13:43:30:690 memory/(8585:8585): Cliente conectado. Esperando Envío de mensajessss.
[WARNING] 13:43:40:816 memory/(8585:8585): Kernel Desconectado.
[INFO] 13:47:15:180 memory/(8915:8915): 8001
[DEBUG] 13:47:15:180 memory/(8915:8915): Conectado al LFS
[INFO] 13:47:15:180 memory/(8915:8915): Maximo tamaño del value: 15.
[INFO] 13:47:15:181 memory/(8915:8915): 15
[INFO] 13:47:15:181 memory/(8915:8915): 8001
[DEBUG] 13:47:16:509 memory/(8915:8915): Cliente conectado. Esperando Envío de mensajessss.
[WARNING] 13:47:39:62 memory/(8915:8915): Kernel Desconectado.
[INFO] 13:48:05:586 memory/(8936:8936): 8001
[DEBUG] 13:48:05:586 memory/(8936:8936): Conectado al LFS
[INFO] 13:48:05:586 memory/(8936:8936): Maximo tamaño del value: 15.
[INFO] 13:48:05:586 memory/(8936:8936): 15
[INFO] 13:48:05:586 memory/(8936:8936): 8001
[DEBUG] 13:48:06:923 memory/(8936:8936): Cliente conectado. Esperando Envío de mensajessss.
[INFO] 13:48:26:280 memory/(8936:8936): Memoria no tiene esa tabla, pidiendo a LFS...
[DEBUG] 13:48:26:283 memory/(8936:8936): Registro: TimeStamp: 1, Key:500, Value: German
[DEBUG] 13:48:26:323 memory/(8936:8936): Registro: TimeStamp: 1559926106, Key:500, Value: Gaston Raro
[INFO] 13:48:26:323 memory/(8936:8936): Memoria no tiene esa tabla, pidiendo a LFS...
[DEBUG] 13:48:26:324 memory/(8936:8936): Registro: TimeStamp: 300, Key:1, Value: Alex
[INFO] 13:48:26:324 memory/(8936:8936): No tengo ese registro
[DEBUG] 13:48:26:324 memory/(8936:8936): Registro: TimeStamp: 1000, Key:2, Value: Pasca
[INFO] 13:48:26:325 memory/(8936:8936): No tengo ese registro
[DEBUG] 13:48:26:325 memory/(8936:8936): Registro: TimeStamp: 500, Key:3, Value: Felipe Israel
[INFO] 13:48:26:326 memory/(8936:8936): No tengo ese registro
[DEBUG] 13:48:26:327 memory/(8936:8936): Registro: TimeStamp: 10, Key:600, Value: Leandro
[INFO] 13:48:26:328 memory/(8936:8936): No tengo ese registro
[DEBUG] 13:48:26:329 memory/(8936:8936): Registro: TimeStamp: 15, Key:700, Value: Pinto
[INFO] 13:48:26:367 memory/(8936:8936): No tengo ese registro
[WARNING] 13:48:26:367 memory/(8936:8936): Registro no encontrado
[DEBUG] 13:48:26:407 memory/(8936:8936): Registro: TimeStamp: 1559926106, Key:500, Value: Pinto loco
[INFO] 13:48:26:407 memory/(8936:8936): No tengo ese registro
[WARNING] 13:48:26:408 memory/(8936:8936): Registro no encontrado
[INFO] 13:48:26:408 memory/(8936:8936): No tengo ese registro
[WARNING] 13:48:26:409 memory/(8936:8936): Registro no encontrado
[DEBUG] 13:48:26:409 memory/(8936:8936): Registro: TimeStamp: 15, Key:700, Value: Pinto
[INFO] 13:48:26:410 memory/(8936:8936): No tengo ese registro
[DEBUG] 13:48:26:411 memory/(8936:8936): Registro: TimeStamp: 20, Key:800, Value: Lacha
[INFO] 13:48:26:411 memory/(8936:8936): No tengo ese registro
[DEBUG] 13:48:26:412 memory/(8936:8936): Registro: TimeStamp: 30, Key:900, Value: Santi
[INFO] 13:48:26:413 memory/(8936:8936): No tengo ese registro
[WARNING] 13:48:26:414 memory/(8936:8936): Registro no encontrado
[DEBUG] 13:48:26:414 memory/(8936:8936): Registro: TimeStamp: 1559926106, Key:555, Value: Pinto Loco
[DEBUG] 13:48:26:415 memory/(8936:8936): Registro: TimeStamp: 1559926106, Key:876, Value: Leandrovich
[DEBUG] 13:48:26:415 memory/(8936:8936): Registro: TimeStamp: 1559926106, Key:876, Value: Leandrovich
[DEBUG] 13:48:26:416 memory/(8936:8936): Registro: TimeStamp: 1559926106, Key:555, Value: Pinto Loco
[DEBUG] 13:48:26:416 memory/(8936:8936): Registro: TimeStamp: 300, Key:1, Value: Alex
[INFO] 13:48:26:417 memory/(8936:8936): No tengo ese registro
[WARNING] 13:48:26:418 memory/(8936:8936): Registro no encontrado
[DEBUG] 13:48:46:911 memory/(8936:8936): Registro: TimeStamp: 1559926106, Key:500, Value: Pinto loco
[DEBUG] 13:48:46:951 memory/(8936:8936): Registro: TimeStamp: 1559926126, Key:500, Value: Gaston Raro
[DEBUG] 13:48:46:951 memory/(8936:8936): Registro: TimeStamp: 300, Key:1, Value: Alex
[DEBUG] 13:48:46:951 memory/(8936:8936): Registro: TimeStamp: 1000, Key:2, Value: Pasca
[DEBUG] 13:48:46:952 memory/(8936:8936): Registro: TimeStamp: 500, Key:3, Value: Felipe Israel
[DEBUG] 13:48:46:953 memory/(8936:8936): Registro: TimeStamp: 10, Key:600, Value: Leandro
[DEBUG] 13:48:46:953 memory/(8936:8936): Registro: TimeStamp: 15, Key:700, Value: Pinto
[INFO] 13:48:46:991 memory/(8936:8936): No tengo ese registro
[WARNING] 13:48:46:992 memory/(8936:8936): Registro no encontrado
[DEBUG] 13:48:47:31 memory/(8936:8936): Registro: TimeStamp: 1559926126, Key:500, Value: Pinto loco
[INFO] 13:48:47:31 memory/(8936:8936): No tengo ese registro
[WARNING] 13:48:47:32 memory/(8936:8936): Registro no encontrado
[INFO] 13:48:47:33 memory/(8936:8936): No tengo ese registro
[WARNING] 13:48:47:34 memory/(8936:8936): Registro no encontrado
[DEBUG] 13:48:47:34 memory/(8936:8936): Registro: TimeStamp: 15, Key:700, Value: Pinto
[DEBUG] 13:48:47:35 memory/(8936:8936): Registro: TimeStamp: 20, Key:800, Value: Lacha
[DEBUG] 13:48:47:35 memory/(8936:8936): Registro: TimeStamp: 30, Key:900, Value: Santi
[INFO] 13:48:47:36 memory/(8936:8936): No tengo ese registro
[WARNING] 13:48:47:37 memory/(8936:8936): Registro no encontrado
[DEBUG] 13:48:47:37 memory/(8936:8936): Registro: TimeStamp: 1559926126, Key:555, Value: Pinto Loco
[DEBUG] 13:48:47:38 memory/(8936:8936): Registro: TimeStamp: 1559926126, Key:876, Value: Leandrovich
[DEBUG] 13:48:47:38 memory/(8936:8936): Registro: TimeStamp: 1559926126, Key:876, Value: Leandrovich
[DEBUG] 13:48:47:39 memory/(8936:8936): Registro: TimeStamp: 1559926126, Key:555, Value: Pinto Loco
[DEBUG] 13:48:47:39 memory/(8936:8936): Registro: TimeStamp: 300, Key:1, Value: Alex
[INFO] 13:48:47:39 memory/(8936:8936): No tengo ese registro
[WARNING] 13:48:47:40 memory/(8936:8936): Registro no encontrado
[DEBUG] 13:49:30:675 memory/(8936:8936): Registro: TimeStamp: 1559926126, Key:500, Value: Pinto loco
[DEBUG] 13:49:30:715 memory/(8936:8936): Registro: TimeStamp: 1559926170, Key:500, Value: Gaston Raro
[DEBUG] 13:49:30:715 memory/(8936:8936): Registro: TimeStamp: 300, Key:1, Value: Alex
[DEBUG] 13:49:30:716 memory/(8936:8936): Registro: TimeStamp: 1000, Key:2, Value: Pasca
[DEBUG] 13:49:30:716 memory/(8936:8936): Registro: TimeStamp: 500, Key:3, Value: Felipe Israel
[DEBUG] 13:49:30:717 memory/(8936:8936): Registro: TimeStamp: 10, Key:600, Value: Leandro
[DEBUG] 13:49:30:717 memory/(8936:8936): Registro: TimeStamp: 15, Key:700, Value: Pinto
[INFO] 13:49:30:755 memory/(8936:8936): No tengo ese registro
[WARNING] 13:49:30:756 memory/(8936:8936): Registro no encontrado
[DEBUG] 13:49:30:795 memory/(8936:8936): Registro: TimeStamp: 1559926170, Key:500, Value: Pinto loco
[INFO] 13:49:30:795 memory/(8936:8936): No tengo ese registro
[WARNING] 13:49:30:796 memory/(8936:8936): Registro no encontrado
[INFO] 13:49:30:797 memory/(8936:8936): No tengo ese registro
[WARNING] 13:49:30:797 memory/(8936:8936): Registro no encontrado
[DEBUG] 13:49:30:798 memory/(8936:8936): Registro: TimeStamp: 15, Key:700, Value: Pinto
[DEBUG] 13:49:30:798 memory/(8936:8936): Registro: TimeStamp: 20, Key:800, Value: Lacha
[DEBUG] 13:49:30:799 memory/(8936:8936): Registro: TimeStamp: 30, Key:900, Value: Santi
[INFO] 13:49:30:799 memory/(8936:8936): No tengo ese registro
[WARNING] 13:49:30:800 memory/(8936:8936): Registro no encontrado
[DEBUG] 13:49:30:800 memory/(8936:8936): Registro: TimeStamp: 1559926170, Key:555, Value: Pinto Loco
[DEBUG] 13:49:30:801 memory/(8936:8936): Registro: TimeStamp: 1559926170, Key:876, Value: Leandrovich
[DEBUG] 13:49:30:801 memory/(8936:8936): Registro: TimeStamp: 1559926170, Key:876, Value: Leandrovich
[DEBUG] 13:49:30:801 memory/(8936:8936): Registro: TimeStamp: 1559926170, Key:555, Value: Pinto Loco
[DEBUG] 13:49:30:802 memory/(8936:8936): Registro: TimeStamp: 300, Key:1, Value: Alex
[INFO] 13:49:30:803 memory/(8936:8936): No tengo ese registro
[WARNING] 13:49:30:803 memory/(8936:8936): Registro no encontrado
[WARNING] 13:49:59:896 memory/(8936:8936): Kernel Desconectado.
[INFO] 13:50:49:375 memory/(9075:9075): 8001
[DEBUG] 13:50:49:375 memory/(9075:9075): Conectado al LFS
[INFO] 13:50:49:375 memory/(9075:9075): Maximo tamaño del value: 15.
[INFO] 13:50:49:375 memory/(9075:9075): 15
[INFO] 13:50:49:375 memory/(9075:9075): 8001
[DEBUG] 13:50:52:496 memory/(9075:9075): Cliente conectado. Esperando Envío de mensajessss.
[INFO] 13:51:08:959 memory/(9075:9075): Memoria no tiene esa tabla, pidiendo a LFS...
[DEBUG] 13:51:08:960 memory/(9075:9075): Registro: TimeStamp: 1, Key:500, Value: German
[DEBUG] 13:51:08:3 memory/(9075:9075): Registro: TimeStamp: 1559926268, Key:500, Value: Gaston Raro
[INFO] 13:51:08:3 memory/(9075:9075): Memoria no tiene esa tabla, pidiendo a LFS...
[DEBUG] 13:51:08:4 memory/(9075:9075): Registro: TimeStamp: 300, Key:1, Value: Alex
[INFO] 13:51:08:4 memory/(9075:9075): No tengo ese registro
[DEBUG] 13:51:08:5 memory/(9075:9075): Registro: TimeStamp: 1000, Key:2, Value: Pasca
[INFO] 13:51:08:5 memory/(9075:9075): No tengo ese registro
[DEBUG] 13:51:08:6 memory/(9075:9075): Registro: TimeStamp: 500, Key:3, Value: Felipe Israel
[INFO] 13:51:08:6 memory/(9075:9075): No tengo ese registro
[DEBUG] 13:51:09:7 memory/(9075:9075): Registro: TimeStamp: 10, Key:600, Value: Leandro
[INFO] 13:51:09:8 memory/(9075:9075): No tengo ese registro
[DEBUG] 13:51:09:9 memory/(9075:9075): Registro: TimeStamp: 15, Key:700, Value: Pinto
[INFO] 13:51:09:47 memory/(9075:9075): No tengo ese registro
[WARNING] 13:51:09:47 memory/(9075:9075): Registro no encontrado
[DEBUG] 13:51:09:87 memory/(9075:9075): Registro: TimeStamp: 1559926269, Key:500, Value: Pinto loco
[INFO] 13:51:09:87 memory/(9075:9075): No tengo ese registro
[WARNING] 13:51:09:88 memory/(9075:9075): Registro no encontrado
[INFO] 13:51:09:88 memory/(9075:9075): No tengo ese registro
[WARNING] 13:51:09:89 memory/(9075:9075): Registro no encontrado
[DEBUG] 13:51:09:90 memory/(9075:9075): Registro: TimeStamp: 15, Key:700, Value: Pinto
[INFO] 13:51:09:90 memory/(9075:9075): No tengo ese registro
[DEBUG] 13:51:09:91 memory/(9075:9075): Registro: TimeStamp: 20, Key:800, Value: Lacha
[INFO] 13:51:09:91 memory/(9075:9075): No tengo ese registro
[DEBUG] 13:51:09:93 memory/(9075:9075): Registro: TimeStamp: 30, Key:900, Value: Santi
[INFO] 13:51:09:93 memory/(9075:9075): No tengo ese registro
[WARNING] 13:51:09:94 memory/(9075:9075): Registro no encontrado
[DEBUG] 13:51:09:95 memory/(9075:9075): Registro: TimeStamp: 1559926269, Key:555, Value: Pinto Loco
[DEBUG] 13:51:09:95 memory/(9075:9075): Registro: TimeStamp: 1559926269, Key:876, Value: Leandrovich
[DEBUG] 13:51:09:96 memory/(9075:9075): Registro: TimeStamp: 1559926269, Key:876, Value: Leandrovich
[DEBUG] 13:51:09:96 memory/(9075:9075): Registro: TimeStamp: 1559926269, Key:555, Value: Pinto Loco
[DEBUG] 13:51:09:96 memory/(9075:9075): Registro: TimeStamp: 300, Key:1, Value: Alex
[INFO] 13:51:09:97 memory/(9075:9075): No tengo ese registro
[WARNING] 13:51:09:98 memory/(9075:9075): Registro no encontrado
[WARNING] 13:51:12:390 memory/(9075:9075): Kernel Desconectado.
